<?xml version="1.0" encoding="UTF-8"?>
<!-- Generated by org.testng.reporters.JUnitReportReporter -->
<testsuite hostname="Ayushman" failures="0" tests="3" name="AyushmanDhar.SeleniumFramework.OrderPlaceTest" time="13.075" errors="0" timestamp="2024-01-08T12:45:37 IST" skipped="0">
  <testcase classname="AyushmanDhar.SeleniumFramework.OrderPlaceTest" name="ordersTest" time="1.991"/>
  <system-out/>
  <testcase classname="AyushmanDhar.SeleniumFramework.OrderPlaceTest" name="submitOrder" time="4.591"/>
  <system-out/>
  <testcase classname="AyushmanDhar.SeleniumFramework.OrderPlaceTest" name="submitOrder" time="6.493"/>
  <system-out/>
</testsuite> <!-- AyushmanDhar.SeleniumFramework.OrderPlaceTest -->
