<?xml version="1.0" encoding="UTF-8"?>
<!-- Generated by org.testng.reporters.JUnitReportReporter -->
<testsuite hostname="Ayushman" failures="0" tests="2" name="AyushmanDhar.SeleniumFramework.ErrorScenarioTest" time="6.553" errors="0" timestamp="2024-01-08T11:29:25 IST" skipped="0">
  <testcase classname="AyushmanDhar.SeleniumFramework.ErrorScenarioTest" name="wrongCartItem" time="4.629"/>
  <system-out/>
  <testcase classname="AyushmanDhar.SeleniumFramework.ErrorScenarioTest" name="errorLogin" time="1.924"/>
  <system-out/>
</testsuite> <!-- AyushmanDhar.SeleniumFramework.ErrorScenarioTest -->
