<?xml version="1.0" encoding="UTF-8"?>
<!-- Generated by org.testng.reporters.JUnitReportReporter -->
<testsuite hostname="Ayushman" failures="0" tests="2" name="AyushmanDhar.SeleniumFramework.OrderPlaceTest" time="14.181" errors="0" timestamp="2024-01-10T12:49:18 IST" skipped="0">
  <testcase classname="AyushmanDhar.SeleniumFramework.OrderPlaceTest" name="submitOrder" time="5.472"/>
  <system-out/>
  <testcase classname="AyushmanDhar.SeleniumFramework.OrderPlaceTest" name="submitOrder" time="8.709"/>
  <system-out/>
</testsuite> <!-- AyushmanDhar.SeleniumFramework.OrderPlaceTest -->
