<?xml version="1.0" encoding="UTF-8"?>
<!-- Generated by org.testng.reporters.JUnitReportReporter -->
<testsuite hostname="Ayushman" failures="0" tests="2" name="AyushmanDhar.SeleniumFramework.ErrorScenarioTest" time="5.341" errors="0" timestamp="2024-01-20T21:18:18 IST" skipped="0">
  <testcase classname="AyushmanDhar.SeleniumFramework.ErrorScenarioTest" name="errorLogin" time="3.036"/>
  <system-out/>
  <testcase classname="AyushmanDhar.SeleniumFramework.ErrorScenarioTest" name="errorLogin" time="2.305"/>
  <system-out/>
</testsuite> <!-- AyushmanDhar.SeleniumFramework.ErrorScenarioTest -->
