<?xml version="1.0" encoding="UTF-8"?>
<!-- Generated by org.testng.reporters.JUnitReportReporter -->
<testsuite hostname="Ayushman" failures="0" tests="3" name="AyushmanDhar.SeleniumFramework.ErrorScenarioTest" time="11.710" errors="0" timestamp="2024-01-12T13:28:43 IST" skipped="0">
  <testcase classname="AyushmanDhar.SeleniumFramework.ErrorScenarioTest" name="wrongCartItem" time="4.904"/>
  <system-out/>
  <testcase classname="AyushmanDhar.SeleniumFramework.ErrorScenarioTest" name="errorLogin" time="3.399"/>
  <system-out/>
  <testcase classname="AyushmanDhar.SeleniumFramework.ErrorScenarioTest" name="errorLogin" time="3.407"/>
  <system-out/>
</testsuite> <!-- AyushmanDhar.SeleniumFramework.ErrorScenarioTest -->
