<?xml version="1.0" encoding="UTF-8"?>
<!-- Generated by org.testng.reporters.JUnitReportReporter -->
<testsuite hostname="Ayushman" failures="0" tests="2" name="AyushmanDhar.SeleniumFramework.ErrorScenarioTest" time="7.379" errors="0" timestamp="2024-01-10T12:33:10 IST" skipped="0">
  <testcase classname="AyushmanDhar.SeleniumFramework.ErrorScenarioTest" name="errorLogin" time="2.748"/>
  <system-out/>
  <testcase classname="AyushmanDhar.SeleniumFramework.ErrorScenarioTest" name="wrongCartItem" time="4.631"/>
  <system-out/>
</testsuite> <!-- AyushmanDhar.SeleniumFramework.ErrorScenarioTest -->
