<?xml version="1.0" encoding="UTF-8"?>
<!-- Generated by org.testng.reporters.JUnitReportReporter -->
<testsuite hostname="Ayushman" failures="0" tests="3" name="AyushmanDhar.SeleniumFramework.OrderPlaceTest" time="14.522" errors="0" timestamp="2024-01-12T13:28:43 IST" skipped="0">
  <testcase classname="AyushmanDhar.SeleniumFramework.OrderPlaceTest" name="submitOrder" time="5.550"/>
  <system-out/>
  <testcase classname="AyushmanDhar.SeleniumFramework.OrderPlaceTest" name="submitOrder" time="5.493"/>
  <system-out/>
  <testcase classname="AyushmanDhar.SeleniumFramework.OrderPlaceTest" name="ordersTest" time="3.479"/>
  <system-out/>
</testsuite> <!-- AyushmanDhar.SeleniumFramework.OrderPlaceTest -->
