<?xml version="1.0" encoding="UTF-8"?>
<!-- Generated by org.testng.reporters.JUnitReportReporter -->
<testsuite hostname="Ayushman" failures="0" tests="2" name="AyushmanDhar.SeleniumFramework.OrderPlaceTest" time="10.883" errors="0" timestamp="2024-01-20T21:21:12 IST" skipped="0">
  <testcase classname="AyushmanDhar.SeleniumFramework.OrderPlaceTest" name="submitOrder" time="6.288"/>
  <system-out/>
  <testcase classname="AyushmanDhar.SeleniumFramework.OrderPlaceTest" name="submitOrder" time="4.595"/>
  <system-out/>
</testsuite> <!-- AyushmanDhar.SeleniumFramework.OrderPlaceTest -->
